[0.042s] Invoking command in '/home/suwi/ros2_4dof_arm/build/object_recognition_msgs': CMAKE_PREFIX_PATH=${CMAKE_PREFIX_PATH}:/home/suwi/ros2_ws_prac/install/pub_sub /usr/bin/cmake --build /home/suwi/ros2_4dof_arm/build/object_recognition_msgs -- -j8 -l8
[0.150s] -- Found ament_cmake: 1.3.11 (/opt/ros/humble/share/ament_cmake/cmake)
[0.487s] -- Found builtin_interfaces: 1.2.1 (/opt/ros/humble/share/builtin_interfaces/cmake)
[0.547s] -- Found rosidl_generator_c: 3.1.6 (/opt/ros/humble/share/rosidl_generator_c/cmake)
[0.555s] -- Found rosidl_adapter: 3.1.6 (/opt/ros/humble/share/rosidl_adapter/cmake)
[0.574s] -- Found rosidl_generator_cpp: 3.1.6 (/opt/ros/humble/share/rosidl_generator_cpp/cmake)
[0.602s] -- Using all available rosidl_typesupport_c: rosidl_typesupport_fastrtps_c;rosidl_typesupport_introspection_c
[0.638s] -- Using all available rosidl_typesupport_cpp: rosidl_typesupport_fastrtps_cpp;rosidl_typesupport_introspection_cpp
[0.672s] -- Found rosidl_default_generators: 1.2.0 (/opt/ros/humble/share/rosidl_default_generators/cmake)
[0.694s] -- Found action_msgs: 1.2.1 (/opt/ros/humble/share/action_msgs/cmake)
[0.740s] -- Found geometry_msgs: 4.8.0 (/opt/ros/humble/share/geometry_msgs/cmake)
[0.793s] -- Found sensor_msgs: 4.8.0 (/opt/ros/humble/share/sensor_msgs/cmake)
[0.823s] -- Found shape_msgs: 4.8.0 (/opt/ros/humble/share/shape_msgs/cmake)
[1.773s] -- Found ament_cmake_ros: 0.10.0 (/opt/ros/humble/share/ament_cmake_ros/cmake)
[3.314s] -- Using all available rosidl_typesupport_c: rosidl_typesupport_fastrtps_c;rosidl_typesupport_introspection_c
[3.921s] -- Using all available rosidl_typesupport_cpp: rosidl_typesupport_fastrtps_cpp;rosidl_typesupport_introspection_cpp
[3.987s] -- Found python_cmake_module: 0.10.0 (/opt/ros/humble/share/python_cmake_module/cmake)
[4.050s] -- Using PYTHON_EXECUTABLE: /usr/bin/python3
[4.051s] -- Using PYTHON_INCLUDE_DIRS: /usr/include/python3.10
[4.051s] -- Using PYTHON_LIBRARIES: /usr/lib/x86_64-linux-gnu/libpython3.10.so
[4.263s] -- Configuring done
[4.478s] -- Generating done
[4.513s] -- Build files have been written to: /home/suwi/ros2_4dof_arm/build/object_recognition_msgs
[4.635s] [35m[1mConsolidate compiler generated dependencies of target object_recognition_msgs__rosidl_generator_c[0m
[4.684s] [  1%] Built target object_recognition_msgs__cpp
[4.706s] [  2%] [32mBuilding C object CMakeFiles/object_recognition_msgs__rosidl_generator_c.dir/rosidl_generator_c/object_recognition_msgs/action/detail/object_recognition__functions.c.o[0m
[4.706s] [  3%] [32mBuilding C object CMakeFiles/object_recognition_msgs__rosidl_generator_c.dir/rosidl_generator_c/object_recognition_msgs/srv/detail/get_object_information__functions.c.o[0m
[4.720s] [  4%] [32mBuilding C object CMakeFiles/object_recognition_msgs__rosidl_generator_c.dir/rosidl_generator_c/object_recognition_msgs/msg/detail/recognized_object__functions.c.o[0m
[4.720s] [  6%] [32mBuilding C object CMakeFiles/object_recognition_msgs__rosidl_generator_c.dir/rosidl_generator_c/object_recognition_msgs/msg/detail/recognized_object_array__functions.c.o[0m
[4.721s] [  6%] [32mBuilding C object CMakeFiles/object_recognition_msgs__rosidl_generator_c.dir/rosidl_generator_c/object_recognition_msgs/msg/detail/object_type__functions.c.o[0m
[4.721s] [  8%] [32mBuilding C object CMakeFiles/object_recognition_msgs__rosidl_generator_c.dir/rosidl_generator_c/object_recognition_msgs/msg/detail/object_information__functions.c.o[0m
[4.730s] [  8%] Built target ament_cmake_python_copy_object_recognition_msgs
[4.756s] [35m[1mConsolidate compiler generated dependencies of target object_recognition_msgs__rosidl_typesupport_cpp[0m
[4.789s] [35m[1mConsolidate compiler generated dependencies of target object_recognition_msgs__rosidl_typesupport_fastrtps_cpp[0m
[4.848s] In file included from [01m[K/home/suwi/ros2_4dof_arm/build/object_recognition_msgs/rosidl_generator_c/object_recognition_msgs/action/detail/object_recognition__struct.h:46[m[K,
[4.849s]                  from [01m[K/home/suwi/ros2_4dof_arm/build/object_recognition_msgs/rosidl_generator_c/object_recognition_msgs/action/detail/object_recognition__functions.h:19[m[K,
[4.849s]                  from [01m[K/home/suwi/ros2_4dof_arm/build/object_recognition_msgs/rosidl_generator_c/object_recognition_msgs/action/detail/object_recognition__functions.c:4[m[K:
[4.849s] [01m[K/home/suwi/ros2_4dof_arm/build/object_recognition_msgs/rosidl_generator_c/object_recognition_msgs/msg/detail/recognized_object_array__struct.h:22:10:[m[K [01;31m[Kfatal error: [m[Kobject_recognition_msgs/msg/detail/header__struct.h: No such file or directory
[4.850s]    22 | #include [01;31m[K"object_recognition_msgs/msg/detail/header__struct.h"[m[K
[4.850s]       |          [01;31m[K^~~~~~~~~~~~~~~~~~~~~~~~~~~~~~~~~~~~~~~~~~~~~~~~~~~~~[m[K
[4.850s] compilation terminated.
[4.850s] gmake[2]: *** [CMakeFiles/object_recognition_msgs__rosidl_generator_c.dir/build.make:316: CMakeFiles/object_recognition_msgs__rosidl_generator_c.dir/rosidl_generator_c/object_recognition_msgs/action/detail/object_recognition__functions.c.o] Error 1
[4.851s] gmake[2]: *** Waiting for unfinished jobs....
[4.866s] In file included from [01m[K/home/suwi/ros2_4dof_arm/build/object_recognition_msgs/rosidl_generator_c/object_recognition_msgs/msg/detail/recognized_object_array__functions.h:19[m[K,
[4.866s]                  from [01m[K/home/suwi/ros2_4dof_arm/build/object_recognition_msgs/rosidl_generator_c/object_recognition_msgs/msg/detail/recognized_object_array__functions.c:4[m[K:
[4.867s] [01m[K/home/suwi/ros2_4dof_arm/build/object_recognition_msgs/rosidl_generator_c/object_recognition_msgs/msg/detail/recognized_object_array__struct.h:22:10:[m[K [01;31m[Kfatal error: [m[Kobject_recognition_msgs/msg/detail/header__struct.h: No such file or directory
[4.868s]    22 | #include [01;31m[K"object_recognition_msgs/msg/detail/header__struct.h"[m[K
[4.869s]       |          [01;31m[K^~~~~~~~~~~~~~~~~~~~~~~~~~~~~~~~~~~~~~~~~~~~~~~~~~~~~[m[K
[4.870s] compilation terminated.
[4.870s] gmake[2]: *** [CMakeFiles/object_recognition_msgs__rosidl_generator_c.dir/build.make:386: CMakeFiles/object_recognition_msgs__rosidl_generator_c.dir/rosidl_generator_c/object_recognition_msgs/msg/detail/recognized_object_array__functions.c.o] Error 1
[4.874s] [  9%] [32mBuilding CXX object CMakeFiles/object_recognition_msgs__rosidl_typesupport_cpp.dir/rosidl_typesupport_cpp/object_recognition_msgs/action/object_recognition__type_support.cpp.o[0m
[4.891s] In file included from [01m[K/home/suwi/ros2_4dof_arm/build/object_recognition_msgs/rosidl_generator_c/object_recognition_msgs/msg/detail/recognized_object__functions.h:19[m[K,
[4.894s]                  from [01m[K/home/suwi/ros2_4dof_arm/build/object_recognition_msgs/rosidl_generator_c/object_recognition_msgs/msg/detail/recognized_object__functions.c:4[m[K:
[4.895s] [01m[K/home/suwi/ros2_4dof_arm/build/object_recognition_msgs/rosidl_generator_c/object_recognition_msgs/msg/detail/recognized_object__struct.h:22:10:[m[K [01;31m[Kfatal error: [m[Kobject_recognition_msgs/msg/detail/header__struct.h: No such file or directory
[4.895s]    22 | #include [01;31m[K"object_recognition_msgs/msg/detail/header__struct.h"[m[K
[4.895s]       |          [01;31m[K^~~~~~~~~~~~~~~~~~~~~~~~~~~~~~~~~~~~~~~~~~~~~~~~~~~~~[m[K
[4.896s] compilation terminated.
[4.899s] gmake[2]: *** [CMakeFiles/object_recognition_msgs__rosidl_generator_c.dir/build.make:372: CMakeFiles/object_recognition_msgs__rosidl_generator_c.dir/rosidl_generator_c/object_recognition_msgs/msg/detail/recognized_object__functions.c.o] Error 1
[4.911s] [ 10%] [32mBuilding CXX object CMakeFiles/object_recognition_msgs__rosidl_typesupport_fastrtps_cpp.dir/rosidl_typesupport_fastrtps_cpp/object_recognition_msgs/action/detail/dds_fastrtps/object_recognition__type_support.cpp.o[0m
[4.925s] [35m[1mConsolidate compiler generated dependencies of target object_recognition_msgs__rosidl_typesupport_introspection_cpp[0m
[4.935s] [ 11%] [32mBuilding CXX object CMakeFiles/object_recognition_msgs__rosidl_typesupport_cpp.dir/rosidl_typesupport_cpp/object_recognition_msgs/srv/get_object_information__type_support.cpp.o[0m
[4.946s] [ 12%] [32mBuilding CXX object CMakeFiles/object_recognition_msgs__rosidl_typesupport_cpp.dir/rosidl_typesupport_cpp/object_recognition_msgs/msg/object_type__type_support.cpp.o[0m
[4.991s] [ 13%] [32mBuilding CXX object CMakeFiles/object_recognition_msgs__rosidl_typesupport_fastrtps_cpp.dir/rosidl_typesupport_fastrtps_cpp/object_recognition_msgs/srv/detail/dds_fastrtps/get_object_information__type_support.cpp.o[0m
[5.009s] gmake[1]: *** [CMakeFiles/Makefile2:213: CMakeFiles/object_recognition_msgs__rosidl_generator_c.dir/all] Error 2
[5.009s] gmake[1]: *** Waiting for unfinished jobs....
[5.049s] [ 14%] [32mBuilding CXX object CMakeFiles/object_recognition_msgs__rosidl_typesupport_fastrtps_cpp.dir/rosidl_typesupport_fastrtps_cpp/object_recognition_msgs/msg/detail/dds_fastrtps/object_type__type_support.cpp.o[0m
[5.051s] [ 17%] [32mBuilding CXX object CMakeFiles/object_recognition_msgs__rosidl_typesupport_introspection_cpp.dir/rosidl_typesupport_introspection_cpp/object_recognition_msgs/action/detail/object_recognition__type_support.cpp.o[0m
[5.051s] [ 16%] [32mBuilding CXX object CMakeFiles/object_recognition_msgs__rosidl_typesupport_cpp.dir/rosidl_typesupport_cpp/object_recognition_msgs/msg/object_information__type_support.cpp.o[0m
[5.420s] In file included from [01m[K/home/suwi/ros2_4dof_arm/build/object_recognition_msgs/rosidl_generator_cpp/object_recognition_msgs/action/detail/object_recognition__struct.hpp:146[m[K,
[5.420s]                  from [01m[K/home/suwi/ros2_4dof_arm/build/object_recognition_msgs/rosidl_typesupport_cpp/object_recognition_msgs/action/object_recognition__type_support.cpp:7[m[K:
[5.420s] [01m[K/home/suwi/ros2_4dof_arm/build/object_recognition_msgs/rosidl_generator_cpp/object_recognition_msgs/msg/detail/recognized_object_array__struct.hpp:20:10:[m[K [01;31m[Kfatal error: [m[Kobject_recognition_msgs/msg/detail/header__struct.hpp: No such file or directory
[5.421s]    20 | #include [01;31m[K"object_recognition_msgs/msg/detail/header__struct.hpp"[m[K
[5.425s]       |          [01;31m[K^~~~~~~~~~~~~~~~~~~~~~~~~~~~~~~~~~~~~~~~~~~~~~~~~~~~~~~[m[K
[5.425s] compilation terminated.
[5.430s] gmake[2]: *** [CMakeFiles/object_recognition_msgs__rosidl_typesupport_cpp.dir/build.make:213: CMakeFiles/object_recognition_msgs__rosidl_typesupport_cpp.dir/rosidl_typesupport_cpp/object_recognition_msgs/action/object_recognition__type_support.cpp.o] Error 1
[5.431s] gmake[2]: *** Waiting for unfinished jobs....
[5.465s] In file included from [01m[K/home/suwi/ros2_4dof_arm/build/object_recognition_msgs/rosidl_generator_cpp/object_recognition_msgs/action/detail/object_recognition__struct.hpp:146[m[K,
[5.469s]                  from [01m[K/home/suwi/ros2_4dof_arm/build/object_recognition_msgs/rosidl_typesupport_fastrtps_cpp/object_recognition_msgs/action/detail/object_recognition__rosidl_typesupport_fastrtps_cpp.hpp:11[m[K,
[5.470s]                  from [01m[K/home/suwi/ros2_4dof_arm/build/object_recognition_msgs/rosidl_typesupport_fastrtps_cpp/object_recognition_msgs/action/detail/dds_fastrtps/object_recognition__type_support.cpp:4[m[K:
[5.470s] [01m[K/home/suwi/ros2_4dof_arm/build/object_recognition_msgs/rosidl_generator_cpp/object_recognition_msgs/msg/detail/recognized_object_array__struct.hpp:20:10:[m[K [01;31m[Kfatal error: [m[Kobject_recognition_msgs/msg/detail/header__struct.hpp: No such file or directory
[5.471s]    20 | #include [01;31m[K"object_recognition_msgs/msg/detail/header__struct.hpp"[m[K
[5.471s]       |          [01;31m[K^~~~~~~~~~~~~~~~~~~~~~~~~~~~~~~~~~~~~~~~~~~~~~~~~~~~~~~[m[K
[5.474s] compilation terminated.
[5.478s] gmake[2]: *** [CMakeFiles/object_recognition_msgs__rosidl_typesupport_fastrtps_cpp.dir/build.make:239: CMakeFiles/object_recognition_msgs__rosidl_typesupport_fastrtps_cpp.dir/rosidl_typesupport_fastrtps_cpp/object_recognition_msgs/action/detail/dds_fastrtps/object_recognition__type_support.cpp.o] Error 1
[5.483s] gmake[2]: *** Waiting for unfinished jobs....
[5.484s] [ 18%] [32mBuilding CXX object CMakeFiles/object_recognition_msgs__rosidl_typesupport_introspection_cpp.dir/rosidl_typesupport_introspection_cpp/object_recognition_msgs/srv/detail/get_object_information__type_support.cpp.o[0m
[5.534s] [ 19%] [32mBuilding CXX object CMakeFiles/object_recognition_msgs__rosidl_typesupport_introspection_cpp.dir/rosidl_typesupport_introspection_cpp/object_recognition_msgs/msg/detail/object_type__type_support.cpp.o[0m
[5.661s] In file included from [01m[K/home/suwi/ros2_4dof_arm/build/object_recognition_msgs/rosidl_generator_cpp/object_recognition_msgs/action/detail/object_recognition__struct.hpp:146[m[K,
[5.662s]                  from [01m[K/home/suwi/ros2_4dof_arm/build/object_recognition_msgs/rosidl_typesupport_introspection_cpp/object_recognition_msgs/action/detail/object_recognition__type_support.cpp:12[m[K:
[5.663s] [01m[K/home/suwi/ros2_4dof_arm/build/object_recognition_msgs/rosidl_generator_cpp/object_recognition_msgs/msg/detail/recognized_object_array__struct.hpp:20:10:[m[K [01;31m[Kfatal error: [m[Kobject_recognition_msgs/msg/detail/header__struct.hpp: No such file or directory
[5.671s]    20 | #include [01;31m[K"object_recognition_msgs/msg/detail/header__struct.hpp"[m[K
[5.673s]       |          [01;31m[K^~~~~~~~~~~~~~~~~~~~~~~~~~~~~~~~~~~~~~~~~~~~~~~~~~~~~~~[m[K
[5.673s] compilation terminated.
[5.674s] gmake[2]: *** [CMakeFiles/object_recognition_msgs__rosidl_typesupport_introspection_cpp.dir/build.make:239: CMakeFiles/object_recognition_msgs__rosidl_typesupport_introspection_cpp.dir/rosidl_typesupport_introspection_cpp/object_recognition_msgs/action/detail/object_recognition__type_support.cpp.o] Error 1
[5.674s] gmake[2]: *** Waiting for unfinished jobs....
[6.207s] gmake[1]: *** [CMakeFiles/Makefile2:395: CMakeFiles/object_recognition_msgs__rosidl_typesupport_cpp.dir/all] Error 2
[6.742s] gmake[1]: *** [CMakeFiles/Makefile2:291: CMakeFiles/object_recognition_msgs__rosidl_typesupport_fastrtps_cpp.dir/all] Error 2
[7.066s] gmake[1]: *** [CMakeFiles/Makefile2:369: CMakeFiles/object_recognition_msgs__rosidl_typesupport_introspection_cpp.dir/all] Error 2
[7.067s] gmake: *** [Makefile:146: all] Error 2
[7.076s] Invoked command in '/home/suwi/ros2_4dof_arm/build/object_recognition_msgs' returned '2': CMAKE_PREFIX_PATH=${CMAKE_PREFIX_PATH}:/home/suwi/ros2_ws_prac/install/pub_sub /usr/bin/cmake --build /home/suwi/ros2_4dof_arm/build/object_recognition_msgs -- -j8 -l8
