In file included from [01m[K/home/suwi/ros2_4dof_arm/build/object_recognition_msgs/rosidl_generator_c/object_recognition_msgs/action/detail/object_recognition__struct.h:46[m[K,
                 from [01m[K/home/suwi/ros2_4dof_arm/build/object_recognition_msgs/rosidl_generator_c/object_recognition_msgs/action/detail/object_recognition__functions.h:19[m[K,
                 from [01m[K/home/suwi/ros2_4dof_arm/build/object_recognition_msgs/rosidl_generator_c/object_recognition_msgs/action/detail/object_recognition__functions.c:4[m[K:
[01m[K/home/suwi/ros2_4dof_arm/build/object_recognition_msgs/rosidl_generator_c/object_recognition_msgs/msg/detail/recognized_object_array__struct.h:22:10:[m[K [01;31m[Kfatal error: [m[Kobject_recognition_msgs/msg/detail/header__struct.h: No such file or directory
   22 | #include [01;31m[K"object_recognition_msgs/msg/detail/header__struct.h"[m[K
      |          [01;31m[K^~~~~~~~~~~~~~~~~~~~~~~~~~~~~~~~~~~~~~~~~~~~~~~~~~~~~[m[K
In file included from [01m[K/home/suwi/ros2_4dof_arm/build/object_recognition_msgs/rosidl_generator_c/object_recognition_msgs/msg/detail/table__functions.h:19[m[K,
                 from [01m[K/home/suwi/ros2_4dof_arm/build/object_recognition_msgs/rosidl_generator_c/object_recognition_msgs/msg/detail/table__functions.c:4[m[K:
[01m[K/home/suwi/ros2_4dof_arm/build/object_recognition_msgs/rosidl_generator_c/object_recognition_msgs/msg/detail/table__struct.h:22:10:[m[K [01;31m[Kfatal error: [m[Kobject_recognition_msgs/msg/detail/header__struct.h: No such file or directory
   22 | #include [01;31m[K"object_recognition_msgs/msg/detail/header__struct.h"[m[K
      |          [01;31m[K^~~~~~~~~~~~~~~~~~~~~~~~~~~~~~~~~~~~~~~~~~~~~~~~~~~~~[m[K
In file included from [01m[K/home/suwi/ros2_4dof_arm/build/object_recognition_msgs/rosidl_generator_c/object_recognition_msgs/msg/detail/recognized_object__functions.h:19[m[K,
                 from [01m[K/home/suwi/ros2_4dof_arm/build/object_recognition_msgs/rosidl_generator_c/object_recognition_msgs/msg/detail/recognized_object__functions.c:4[m[K:
[01m[K/home/suwi/ros2_4dof_arm/build/object_recognition_msgs/rosidl_generator_c/object_recognition_msgs/msg/detail/recognized_object__struct.h:22:10:[m[K [01;31m[Kfatal error: [m[Kobject_recognition_msgs/msg/detail/header__struct.h: No such file or directory
   22 | #include [01;31m[K"object_recognition_msgs/msg/detail/header__struct.h"[m[K
      |          [01;31m[K^~~~~~~~~~~~~~~~~~~~~~~~~~~~~~~~~~~~~~~~~~~~~~~~~~~~~[m[K
compilation terminated.
In file included from [01m[K/home/suwi/ros2_4dof_arm/build/object_recognition_msgs/rosidl_generator_c/object_recognition_msgs/msg/detail/recognized_object_array__functions.h:19[m[K,
                 from [01m[K/home/suwi/ros2_4dof_arm/build/object_recognition_msgs/rosidl_generator_c/object_recognition_msgs/msg/detail/recognized_object_array__functions.c:4[m[K:
[01m[K/home/suwi/ros2_4dof_arm/build/object_recognition_msgs/rosidl_generator_c/object_recognition_msgs/msg/detail/recognized_object_array__struct.h:22:10:[m[K [01;31m[Kfatal error: [m[Kobject_recognition_msgs/msg/detail/header__struct.h: No such file or directory
   22 | #include [01;31m[K"object_recognition_msgs/msg/detail/header__struct.h"[m[K
      |          [01;31m[K^~~~~~~~~~~~~~~~~~~~~~~~~~~~~~~~~~~~~~~~~~~~~~~~~~~~~[m[K
compilation terminated.
compilation terminated.
compilation terminated.
gmake[2]: *** [CMakeFiles/object_recognition_msgs__rosidl_generator_c.dir/build.make:316: CMakeFiles/object_recognition_msgs__rosidl_generator_c.dir/rosidl_generator_c/object_recognition_msgs/action/detail/object_recognition__functions.c.o] Error 1
gmake[2]: *** Waiting for unfinished jobs....
gmake[2]: *** [CMakeFiles/object_recognition_msgs__rosidl_generator_c.dir/build.make:372: CMakeFiles/object_recognition_msgs__rosidl_generator_c.dir/rosidl_generator_c/object_recognition_msgs/msg/detail/recognized_object__functions.c.o] Error 1
gmake[2]: *** [CMakeFiles/object_recognition_msgs__rosidl_generator_c.dir/build.make:386: CMakeFiles/object_recognition_msgs__rosidl_generator_c.dir/rosidl_generator_c/object_recognition_msgs/msg/detail/recognized_object_array__functions.c.o] Error 1
gmake[2]: *** [CMakeFiles/object_recognition_msgs__rosidl_generator_c.dir/build.make:400: CMakeFiles/object_recognition_msgs__rosidl_generator_c.dir/rosidl_generator_c/object_recognition_msgs/msg/detail/table__functions.c.o] Error 1
gmake[1]: *** [CMakeFiles/Makefile2:213: CMakeFiles/object_recognition_msgs__rosidl_generator_c.dir/all] Error 2
gmake[1]: *** Waiting for unfinished jobs....
In file included from [01m[K/home/suwi/ros2_4dof_arm/build/object_recognition_msgs/rosidl_typesupport_cpp/object_recognition_msgs/msg/recognized_object__type_support.cpp:7[m[K:
[01m[K/home/suwi/ros2_4dof_arm/build/object_recognition_msgs/rosidl_generator_cpp/object_recognition_msgs/msg/detail/recognized_object__struct.hpp:20:10:[m[K [01;31m[Kfatal error: [m[Kobject_recognition_msgs/msg/detail/header__struct.hpp: No such file or directory
   20 | #include [01;31m[K"object_recognition_msgs/msg/detail/header__struct.hpp"[m[K
      |          [01;31m[K^~~~~~~~~~~~~~~~~~~~~~~~~~~~~~~~~~~~~~~~~~~~~~~~~~~~~~~[m[K
compilation terminated.
In file included from [01m[K/home/suwi/ros2_4dof_arm/build/object_recognition_msgs/rosidl_typesupport_cpp/object_recognition_msgs/msg/recognized_object_array__type_support.cpp:7[m[K:
[01m[K/home/suwi/ros2_4dof_arm/build/object_recognition_msgs/rosidl_generator_cpp/object_recognition_msgs/msg/detail/recognized_object_array__struct.hpp:20:10:[m[K [01;31m[Kfatal error: [m[Kobject_recognition_msgs/msg/detail/header__struct.hpp: No such file or directory
   20 | #include [01;31m[K"object_recognition_msgs/msg/detail/header__struct.hpp"[m[K
      |          [01;31m[K^~~~~~~~~~~~~~~~~~~~~~~~~~~~~~~~~~~~~~~~~~~~~~~~~~~~~~~[m[K
In file included from [01m[K/home/suwi/ros2_4dof_arm/build/object_recognition_msgs/rosidl_generator_cpp/object_recognition_msgs/action/detail/object_recognition__struct.hpp:146[m[K,
                 from [01m[K/home/suwi/ros2_4dof_arm/build/object_recognition_msgs/rosidl_typesupport_cpp/object_recognition_msgs/action/object_recognition__type_support.cpp:7[m[K:
[01m[K/home/suwi/ros2_4dof_arm/build/object_recognition_msgs/rosidl_generator_cpp/object_recognition_msgs/msg/detail/recognized_object_array__struct.hpp:20:10:[m[K [01;31m[Kfatal error: [m[Kobject_recognition_msgs/msg/detail/header__struct.hpp: No such file or directory
   20 | #include [01;31m[K"object_recognition_msgs/msg/detail/header__struct.hpp"[m[K
      |          [01;31m[K^~~~~~~~~~~~~~~~~~~~~~~~~~~~~~~~~~~~~~~~~~~~~~~~~~~~~~~[m[K
compilation terminated.
compilation terminated.
gmake[2]: *** [CMakeFiles/object_recognition_msgs__rosidl_typesupport_cpp.dir/build.make:269: CMakeFiles/object_recognition_msgs__rosidl_typesupport_cpp.dir/rosidl_typesupport_cpp/object_recognition_msgs/msg/recognized_object__type_support.cpp.o] Error 1
gmake[2]: *** Waiting for unfinished jobs....
gmake[2]: *** [CMakeFiles/object_recognition_msgs__rosidl_typesupport_cpp.dir/build.make:283: CMakeFiles/object_recognition_msgs__rosidl_typesupport_cpp.dir/rosidl_typesupport_cpp/object_recognition_msgs/msg/recognized_object_array__type_support.cpp.o] Error 1
gmake[2]: *** [CMakeFiles/object_recognition_msgs__rosidl_typesupport_cpp.dir/build.make:213: CMakeFiles/object_recognition_msgs__rosidl_typesupport_cpp.dir/rosidl_typesupport_cpp/object_recognition_msgs/action/object_recognition__type_support.cpp.o] Error 1
gmake[1]: *** [CMakeFiles/Makefile2:395: CMakeFiles/object_recognition_msgs__rosidl_typesupport_cpp.dir/all] Error 2
In file included from [01m[K/home/suwi/ros2_4dof_arm/build/object_recognition_msgs/rosidl_generator_cpp/object_recognition_msgs/action/detail/object_recognition__struct.hpp:146[m[K,
                 from [01m[K/home/suwi/ros2_4dof_arm/build/object_recognition_msgs/rosidl_typesupport_fastrtps_cpp/object_recognition_msgs/action/detail/object_recognition__rosidl_typesupport_fastrtps_cpp.hpp:11[m[K,
                 from [01m[K/home/suwi/ros2_4dof_arm/build/object_recognition_msgs/rosidl_typesupport_fastrtps_cpp/object_recognition_msgs/action/detail/dds_fastrtps/object_recognition__type_support.cpp:4[m[K:
[01m[K/home/suwi/ros2_4dof_arm/build/object_recognition_msgs/rosidl_generator_cpp/object_recognition_msgs/msg/detail/recognized_object_array__struct.hpp:20:10:[m[K [01;31m[Kfatal error: [m[Kobject_recognition_msgs/msg/detail/header__struct.hpp: No such file or directory
   20 | #include [01;31m[K"object_recognition_msgs/msg/detail/header__struct.hpp"[m[K
      |          [01;31m[K^~~~~~~~~~~~~~~~~~~~~~~~~~~~~~~~~~~~~~~~~~~~~~~~~~~~~~~[m[K
compilation terminated.
In file included from [01m[K/home/suwi/ros2_4dof_arm/build/object_recognition_msgs/rosidl_generator_cpp/object_recognition_msgs/action/detail/object_recognition__struct.hpp:146[m[K,
                 from [01m[K/home/suwi/ros2_4dof_arm/build/object_recognition_msgs/rosidl_typesupport_introspection_cpp/object_recognition_msgs/action/detail/object_recognition__type_support.cpp:12[m[K:
[01m[K/home/suwi/ros2_4dof_arm/build/object_recognition_msgs/rosidl_generator_cpp/object_recognition_msgs/msg/detail/recognized_object_array__struct.hpp:20:10:[m[K [01;31m[Kfatal error: [m[Kobject_recognition_msgs/msg/detail/header__struct.hpp: No such file or directory
   20 | #include [01;31m[K"object_recognition_msgs/msg/detail/header__struct.hpp"[m[K
      |          [01;31m[K^~~~~~~~~~~~~~~~~~~~~~~~~~~~~~~~~~~~~~~~~~~~~~~~~~~~~~~[m[K
compilation terminated.
gmake[2]: *** [CMakeFiles/object_recognition_msgs__rosidl_typesupport_fastrtps_cpp.dir/build.make:239: CMakeFiles/object_recognition_msgs__rosidl_typesupport_fastrtps_cpp.dir/rosidl_typesupport_fastrtps_cpp/object_recognition_msgs/action/detail/dds_fastrtps/object_recognition__type_support.cpp.o] Error 1
gmake[2]: *** Waiting for unfinished jobs....
gmake[2]: *** [CMakeFiles/object_recognition_msgs__rosidl_typesupport_introspection_cpp.dir/build.make:239: CMakeFiles/object_recognition_msgs__rosidl_typesupport_introspection_cpp.dir/rosidl_typesupport_introspection_cpp/object_recognition_msgs/action/detail/object_recognition__type_support.cpp.o] Error 1
gmake[2]: *** Waiting for unfinished jobs....
In file included from [01m[K/home/suwi/ros2_4dof_arm/build/object_recognition_msgs/rosidl_typesupport_introspection_cpp/object_recognition_msgs/msg/detail/recognized_object_array__type_support.cpp:12[m[K:
[01m[K/home/suwi/ros2_4dof_arm/build/object_recognition_msgs/rosidl_generator_cpp/object_recognition_msgs/msg/detail/recognized_object_array__struct.hpp:20:10:[m[K [01;31m[Kfatal error: [m[Kobject_recognition_msgs/msg/detail/header__struct.hpp: No such file or directory
   20 | #include [01;31m[K"object_recognition_msgs/msg/detail/header__struct.hpp"[m[K
      |          [01;31m[K^~~~~~~~~~~~~~~~~~~~~~~~~~~~~~~~~~~~~~~~~~~~~~~~~~~~~~~[m[K
compilation terminated.
gmake[2]: *** [CMakeFiles/object_recognition_msgs__rosidl_typesupport_introspection_cpp.dir/build.make:309: CMakeFiles/object_recognition_msgs__rosidl_typesupport_introspection_cpp.dir/rosidl_typesupport_introspection_cpp/object_recognition_msgs/msg/detail/recognized_object_array__type_support.cpp.o] Error 1
In file included from [01m[K/home/suwi/ros2_4dof_arm/build/object_recognition_msgs/rosidl_typesupport_introspection_cpp/object_recognition_msgs/msg/detail/recognized_object__type_support.cpp:12[m[K:
[01m[K/home/suwi/ros2_4dof_arm/build/object_recognition_msgs/rosidl_generator_cpp/object_recognition_msgs/msg/detail/recognized_object__struct.hpp:20:10:[m[K [01;31m[Kfatal error: [m[Kobject_recognition_msgs/msg/detail/header__struct.hpp: No such file or directory
   20 | #include [01;31m[K"object_recognition_msgs/msg/detail/header__struct.hpp"[m[K
      |          [01;31m[K^~~~~~~~~~~~~~~~~~~~~~~~~~~~~~~~~~~~~~~~~~~~~~~~~~~~~~~[m[K
compilation terminated.
gmake[2]: *** [CMakeFiles/object_recognition_msgs__rosidl_typesupport_introspection_cpp.dir/build.make:295: CMakeFiles/object_recognition_msgs__rosidl_typesupport_introspection_cpp.dir/rosidl_typesupport_introspection_cpp/object_recognition_msgs/msg/detail/recognized_object__type_support.cpp.o] Error 1
In file included from [01m[K/home/suwi/ros2_4dof_arm/build/object_recognition_msgs/rosidl_typesupport_introspection_cpp/object_recognition_msgs/msg/detail/table__type_support.cpp:12[m[K:
[01m[K/home/suwi/ros2_4dof_arm/build/object_recognition_msgs/rosidl_generator_cpp/object_recognition_msgs/msg/detail/table__struct.hpp:20:10:[m[K [01;31m[Kfatal error: [m[Kobject_recognition_msgs/msg/detail/header__struct.hpp: No such file or directory
   20 | #include [01;31m[K"object_recognition_msgs/msg/detail/header__struct.hpp"[m[K
      |          [01;31m[K^~~~~~~~~~~~~~~~~~~~~~~~~~~~~~~~~~~~~~~~~~~~~~~~~~~~~~~[m[K
compilation terminated.
gmake[2]: *** [CMakeFiles/object_recognition_msgs__rosidl_typesupport_introspection_cpp.dir/build.make:323: CMakeFiles/object_recognition_msgs__rosidl_typesupport_introspection_cpp.dir/rosidl_typesupport_introspection_cpp/object_recognition_msgs/msg/detail/table__type_support.cpp.o] Error 1
gmake[1]: *** [CMakeFiles/Makefile2:369: CMakeFiles/object_recognition_msgs__rosidl_typesupport_introspection_cpp.dir/all] Error 2
gmake[1]: *** [CMakeFiles/Makefile2:291: CMakeFiles/object_recognition_msgs__rosidl_typesupport_fastrtps_cpp.dir/all] Error 2
gmake: *** [Makefile:146: all] Error 2
