-- The C compiler identification is GNU 11.4.0
-- The CXX compiler identification is GNU 11.4.0
-- Detecting C compiler ABI info
-- Detecting C compiler ABI info - done
-- Check for working C compiler: /usr/bin/cc - skipped
-- Detecting C compile features
-- Detecting C compile features - done
-- Detecting CXX compiler ABI info
-- Detecting CXX compiler ABI info - done
-- Check for working CXX compiler: /usr/bin/c++ - skipped
-- Detecting CXX compile features
-- Detecting CXX compile features - done
-- Found ament_cmake: 1.3.11 (/opt/ros/humble/share/ament_cmake/cmake)
-- Found Python3: /usr/bin/python3 (found version "3.10.12") found components: Interpreter 
-- Found builtin_interfaces: 1.2.1 (/opt/ros/humble/share/builtin_interfaces/cmake)
-- Found rosidl_generator_c: 3.1.6 (/opt/ros/humble/share/rosidl_generator_c/cmake)
-- Found rosidl_adapter: 3.1.6 (/opt/ros/humble/share/rosidl_adapter/cmake)
-- Found rosidl_generator_cpp: 3.1.6 (/opt/ros/humble/share/rosidl_generator_cpp/cmake)
-- Using all available rosidl_typesupport_c: rosidl_typesupport_fastrtps_c;rosidl_typesupport_introspection_c
-- Using all available rosidl_typesupport_cpp: rosidl_typesupport_fastrtps_cpp;rosidl_typesupport_introspection_cpp
-- Found rosidl_default_generators: 1.2.0 (/opt/ros/humble/share/rosidl_default_generators/cmake)
-- Found action_msgs: 1.2.1 (/opt/ros/humble/share/action_msgs/cmake)
-- Found geometry_msgs: 4.8.0 (/opt/ros/humble/share/geometry_msgs/cmake)
-- Found sensor_msgs: 4.8.0 (/opt/ros/humble/share/sensor_msgs/cmake)
-- Found shape_msgs: 4.8.0 (/opt/ros/humble/share/shape_msgs/cmake)
-- Found ament_cmake_ros: 0.10.0 (/opt/ros/humble/share/ament_cmake_ros/cmake)
-- Using all available rosidl_typesupport_c: rosidl_typesupport_fastrtps_c;rosidl_typesupport_introspection_c
-- Using all available rosidl_typesupport_cpp: rosidl_typesupport_fastrtps_cpp;rosidl_typesupport_introspection_cpp
-- Found PythonInterp: /usr/bin/python3 (found suitable version "3.10.12", minimum required is "3.6") 
-- Found python_cmake_module: 0.10.0 (/opt/ros/humble/share/python_cmake_module/cmake)
-- Found PythonLibs: /usr/lib/x86_64-linux-gnu/libpython3.10.so (found suitable version "3.10.12", minimum required is "3.5") 
-- Using PYTHON_EXECUTABLE: /usr/bin/python3
-- Using PYTHON_INCLUDE_DIRS: /usr/include/python3.10
-- Using PYTHON_LIBRARIES: /usr/lib/x86_64-linux-gnu/libpython3.10.so
-- Found PythonExtra: .so  
-- Configuring done
-- Generating done
-- Build files have been written to: /home/suwi/ros2_4dof_arm/build/object_recognition_msgs
[  1%] [34m[1mGenerating C code for ROS interfaces[0m
[  2%] [34m[1mGenerating C++ code for ROS interfaces[0m
[  2%] Built target ament_cmake_python_copy_object_recognition_msgs
running egg_info
creating object_recognition_msgs.egg-info
writing object_recognition_msgs.egg-info/PKG-INFO
writing dependency_links to object_recognition_msgs.egg-info/dependency_links.txt
writing top-level names to object_recognition_msgs.egg-info/top_level.txt
writing manifest file 'object_recognition_msgs.egg-info/SOURCES.txt'
reading manifest file 'object_recognition_msgs.egg-info/SOURCES.txt'
writing manifest file 'object_recognition_msgs.egg-info/SOURCES.txt'
[  2%] Built target ament_cmake_python_build_object_recognition_msgs_egg
[  3%] [32mBuilding C object CMakeFiles/object_recognition_msgs__rosidl_generator_c.dir/rosidl_generator_c/object_recognition_msgs/msg/detail/object_type__functions.c.o[0m
[  4%] [32mBuilding C object CMakeFiles/object_recognition_msgs__rosidl_generator_c.dir/rosidl_generator_c/object_recognition_msgs/srv/detail/get_object_information__functions.c.o[0m
[  6%] [32mBuilding C object CMakeFiles/object_recognition_msgs__rosidl_generator_c.dir/rosidl_generator_c/object_recognition_msgs/msg/detail/object_information__functions.c.o[0m
[  6%] [32mBuilding C object CMakeFiles/object_recognition_msgs__rosidl_generator_c.dir/rosidl_generator_c/object_recognition_msgs/action/detail/object_recognition__functions.c.o[0m
[  8%] [32mBuilding C object CMakeFiles/object_recognition_msgs__rosidl_generator_c.dir/rosidl_generator_c/object_recognition_msgs/msg/detail/recognized_object__functions.c.o[0m
[  9%] [32mBuilding C object CMakeFiles/object_recognition_msgs__rosidl_generator_c.dir/rosidl_generator_c/object_recognition_msgs/msg/detail/recognized_object_array__functions.c.o[0m
[ 10%] [32mBuilding C object CMakeFiles/object_recognition_msgs__rosidl_generator_c.dir/rosidl_generator_c/object_recognition_msgs/msg/detail/table__functions.c.o[0m
[ 10%] Built target object_recognition_msgs__cpp
[ 11%] [34m[1mGenerating C++ type support dispatch for ROS interfaces[0m
In file included from [01m[K/home/suwi/ros2_4dof_arm/build/object_recognition_msgs/rosidl_generator_c/object_recognition_msgs/action/detail/object_recognition__struct.h:46[m[K,
                 from [01m[K/home/suwi/ros2_4dof_arm/build/object_recognition_msgs/rosidl_generator_c/object_recognition_msgs/action/detail/object_recognition__functions.h:19[m[K,
                 from [01m[K/home/suwi/ros2_4dof_arm/build/object_recognition_msgs/rosidl_generator_c/object_recognition_msgs/action/detail/object_recognition__functions.c:4[m[K:
[01m[K/home/suwi/ros2_4dof_arm/build/object_recognition_msgs/rosidl_generator_c/object_recognition_msgs/msg/detail/recognized_object_array__struct.h:22:10:[m[K [01;31m[Kfatal error: [m[Kobject_recognition_msgs/msg/detail/header__struct.h: No such file or directory
   22 | #include [01;31m[K"object_recognition_msgs/msg/detail/header__struct.h"[m[K
      |          [01;31m[K^~~~~~~~~~~~~~~~~~~~~~~~~~~~~~~~~~~~~~~~~~~~~~~~~~~~~[m[K
In file included from [01m[K/home/suwi/ros2_4dof_arm/build/object_recognition_msgs/rosidl_generator_c/object_recognition_msgs/msg/detail/table__functions.h:19[m[K,
                 from [01m[K/home/suwi/ros2_4dof_arm/build/object_recognition_msgs/rosidl_generator_c/object_recognition_msgs/msg/detail/table__functions.c:4[m[K:
[01m[K/home/suwi/ros2_4dof_arm/build/object_recognition_msgs/rosidl_generator_c/object_recognition_msgs/msg/detail/table__struct.h:22:10:[m[K [01;31m[Kfatal error: [m[Kobject_recognition_msgs/msg/detail/header__struct.h: No such file or directory
   22 | #include [01;31m[K"object_recognition_msgs/msg/detail/header__struct.h"[m[K
      |          [01;31m[K^~~~~~~~~~~~~~~~~~~~~~~~~~~~~~~~~~~~~~~~~~~~~~~~~~~~~[m[K
In file included from [01m[K/home/suwi/ros2_4dof_arm/build/object_recognition_msgs/rosidl_generator_c/object_recognition_msgs/msg/detail/recognized_object__functions.h:19[m[K,
                 from [01m[K/home/suwi/ros2_4dof_arm/build/object_recognition_msgs/rosidl_generator_c/object_recognition_msgs/msg/detail/recognized_object__functions.c:4[m[K:
[01m[K/home/suwi/ros2_4dof_arm/build/object_recognition_msgs/rosidl_generator_c/object_recognition_msgs/msg/detail/recognized_object__struct.h:22:10:[m[K [01;31m[Kfatal error: [m[Kobject_recognition_msgs/msg/detail/header__struct.h: No such file or directory
   22 | #include [01;31m[K"object_recognition_msgs/msg/detail/header__struct.h"[m[K
      |          [01;31m[K^~~~~~~~~~~~~~~~~~~~~~~~~~~~~~~~~~~~~~~~~~~~~~~~~~~~~[m[K
compilation terminated.
In file included from [01m[K/home/suwi/ros2_4dof_arm/build/object_recognition_msgs/rosidl_generator_c/object_recognition_msgs/msg/detail/recognized_object_array__functions.h:19[m[K,
                 from [01m[K/home/suwi/ros2_4dof_arm/build/object_recognition_msgs/rosidl_generator_c/object_recognition_msgs/msg/detail/recognized_object_array__functions.c:4[m[K:
[01m[K/home/suwi/ros2_4dof_arm/build/object_recognition_msgs/rosidl_generator_c/object_recognition_msgs/msg/detail/recognized_object_array__struct.h:22:10:[m[K [01;31m[Kfatal error: [m[Kobject_recognition_msgs/msg/detail/header__struct.h: No such file or directory
   22 | #include [01;31m[K"object_recognition_msgs/msg/detail/header__struct.h"[m[K
      |          [01;31m[K^~~~~~~~~~~~~~~~~~~~~~~~~~~~~~~~~~~~~~~~~~~~~~~~~~~~~[m[K
compilation terminated.
compilation terminated.
compilation terminated.
gmake[2]: *** [CMakeFiles/object_recognition_msgs__rosidl_generator_c.dir/build.make:316: CMakeFiles/object_recognition_msgs__rosidl_generator_c.dir/rosidl_generator_c/object_recognition_msgs/action/detail/object_recognition__functions.c.o] Error 1
gmake[2]: *** Waiting for unfinished jobs....
gmake[2]: *** [CMakeFiles/object_recognition_msgs__rosidl_generator_c.dir/build.make:372: CMakeFiles/object_recognition_msgs__rosidl_generator_c.dir/rosidl_generator_c/object_recognition_msgs/msg/detail/recognized_object__functions.c.o] Error 1
gmake[2]: *** [CMakeFiles/object_recognition_msgs__rosidl_generator_c.dir/build.make:386: CMakeFiles/object_recognition_msgs__rosidl_generator_c.dir/rosidl_generator_c/object_recognition_msgs/msg/detail/recognized_object_array__functions.c.o] Error 1
gmake[2]: *** [CMakeFiles/object_recognition_msgs__rosidl_generator_c.dir/build.make:400: CMakeFiles/object_recognition_msgs__rosidl_generator_c.dir/rosidl_generator_c/object_recognition_msgs/msg/detail/table__functions.c.o] Error 1
[ 12%] [34m[1mGenerating C++ type support for eProsima Fast-RTPS[0m
[ 13%] [34m[1mGenerating C++ introspection for ROS interfaces[0m
gmake[1]: *** [CMakeFiles/Makefile2:213: CMakeFiles/object_recognition_msgs__rosidl_generator_c.dir/all] Error 2
gmake[1]: *** Waiting for unfinished jobs....
[ 14%] [32mBuilding CXX object CMakeFiles/object_recognition_msgs__rosidl_typesupport_cpp.dir/rosidl_typesupport_cpp/object_recognition_msgs/srv/get_object_information__type_support.cpp.o[0m
[ 16%] [32mBuilding CXX object CMakeFiles/object_recognition_msgs__rosidl_typesupport_cpp.dir/rosidl_typesupport_cpp/object_recognition_msgs/action/object_recognition__type_support.cpp.o[0m
[ 17%] [32mBuilding CXX object CMakeFiles/object_recognition_msgs__rosidl_typesupport_cpp.dir/rosidl_typesupport_cpp/object_recognition_msgs/msg/object_information__type_support.cpp.o[0m
[ 18%] [32mBuilding CXX object CMakeFiles/object_recognition_msgs__rosidl_typesupport_cpp.dir/rosidl_typesupport_cpp/object_recognition_msgs/msg/object_type__type_support.cpp.o[0m
[ 19%] [32mBuilding CXX object CMakeFiles/object_recognition_msgs__rosidl_typesupport_cpp.dir/rosidl_typesupport_cpp/object_recognition_msgs/msg/recognized_object__type_support.cpp.o[0m
[ 20%] [32mBuilding CXX object CMakeFiles/object_recognition_msgs__rosidl_typesupport_cpp.dir/rosidl_typesupport_cpp/object_recognition_msgs/msg/recognized_object_array__type_support.cpp.o[0m
In file included from [01m[K/home/suwi/ros2_4dof_arm/build/object_recognition_msgs/rosidl_typesupport_cpp/object_recognition_msgs/msg/recognized_object__type_support.cpp:7[m[K:
[01m[K/home/suwi/ros2_4dof_arm/build/object_recognition_msgs/rosidl_generator_cpp/object_recognition_msgs/msg/detail/recognized_object__struct.hpp:20:10:[m[K [01;31m[Kfatal error: [m[Kobject_recognition_msgs/msg/detail/header__struct.hpp: No such file or directory
   20 | #include [01;31m[K"object_recognition_msgs/msg/detail/header__struct.hpp"[m[K
      |          [01;31m[K^~~~~~~~~~~~~~~~~~~~~~~~~~~~~~~~~~~~~~~~~~~~~~~~~~~~~~~[m[K
compilation terminated.
In file included from [01m[K/home/suwi/ros2_4dof_arm/build/object_recognition_msgs/rosidl_typesupport_cpp/object_recognition_msgs/msg/recognized_object_array__type_support.cpp:7[m[K:
[01m[K/home/suwi/ros2_4dof_arm/build/object_recognition_msgs/rosidl_generator_cpp/object_recognition_msgs/msg/detail/recognized_object_array__struct.hpp:20:10:[m[K [01;31m[Kfatal error: [m[Kobject_recognition_msgs/msg/detail/header__struct.hpp: No such file or directory
   20 | #include [01;31m[K"object_recognition_msgs/msg/detail/header__struct.hpp"[m[K
      |          [01;31m[K^~~~~~~~~~~~~~~~~~~~~~~~~~~~~~~~~~~~~~~~~~~~~~~~~~~~~~~[m[K
In file included from [01m[K/home/suwi/ros2_4dof_arm/build/object_recognition_msgs/rosidl_generator_cpp/object_recognition_msgs/action/detail/object_recognition__struct.hpp:146[m[K,
                 from [01m[K/home/suwi/ros2_4dof_arm/build/object_recognition_msgs/rosidl_typesupport_cpp/object_recognition_msgs/action/object_recognition__type_support.cpp:7[m[K:
[01m[K/home/suwi/ros2_4dof_arm/build/object_recognition_msgs/rosidl_generator_cpp/object_recognition_msgs/msg/detail/recognized_object_array__struct.hpp:20:10:[m[K [01;31m[Kfatal error: [m[Kobject_recognition_msgs/msg/detail/header__struct.hpp: No such file or directory
   20 | #include [01;31m[K"object_recognition_msgs/msg/detail/header__struct.hpp"[m[K
      |          [01;31m[K^~~~~~~~~~~~~~~~~~~~~~~~~~~~~~~~~~~~~~~~~~~~~~~~~~~~~~~[m[K
compilation terminated.
compilation terminated.
gmake[2]: *** [CMakeFiles/object_recognition_msgs__rosidl_typesupport_cpp.dir/build.make:269: CMakeFiles/object_recognition_msgs__rosidl_typesupport_cpp.dir/rosidl_typesupport_cpp/object_recognition_msgs/msg/recognized_object__type_support.cpp.o] Error 1
gmake[2]: *** Waiting for unfinished jobs....
gmake[2]: *** [CMakeFiles/object_recognition_msgs__rosidl_typesupport_cpp.dir/build.make:283: CMakeFiles/object_recognition_msgs__rosidl_typesupport_cpp.dir/rosidl_typesupport_cpp/object_recognition_msgs/msg/recognized_object_array__type_support.cpp.o] Error 1
gmake[2]: *** [CMakeFiles/object_recognition_msgs__rosidl_typesupport_cpp.dir/build.make:213: CMakeFiles/object_recognition_msgs__rosidl_typesupport_cpp.dir/rosidl_typesupport_cpp/object_recognition_msgs/action/object_recognition__type_support.cpp.o] Error 1
[ 21%] [32mBuilding CXX object CMakeFiles/object_recognition_msgs__rosidl_typesupport_introspection_cpp.dir/rosidl_typesupport_introspection_cpp/object_recognition_msgs/srv/detail/get_object_information__type_support.cpp.o[0m
[ 24%] [32mBuilding CXX object CMakeFiles/object_recognition_msgs__rosidl_typesupport_introspection_cpp.dir/rosidl_typesupport_introspection_cpp/object_recognition_msgs/msg/detail/object_information__type_support.cpp.o[0m
[ 24%] [32mBuilding CXX object CMakeFiles/object_recognition_msgs__rosidl_typesupport_introspection_cpp.dir/rosidl_typesupport_introspection_cpp/object_recognition_msgs/msg/detail/object_type__type_support.cpp.o[0m
[ 25%] [32mBuilding CXX object CMakeFiles/object_recognition_msgs__rosidl_typesupport_introspection_cpp.dir/rosidl_typesupport_introspection_cpp/object_recognition_msgs/action/detail/object_recognition__type_support.cpp.o[0m
[ 26%] [32mBuilding CXX object CMakeFiles/object_recognition_msgs__rosidl_typesupport_fastrtps_cpp.dir/rosidl_typesupport_fastrtps_cpp/object_recognition_msgs/action/detail/dds_fastrtps/object_recognition__type_support.cpp.o[0m
[ 27%] [32mBuilding CXX object CMakeFiles/object_recognition_msgs__rosidl_typesupport_introspection_cpp.dir/rosidl_typesupport_introspection_cpp/object_recognition_msgs/msg/detail/recognized_object__type_support.cpp.o[0m
gmake[1]: *** [CMakeFiles/Makefile2:395: CMakeFiles/object_recognition_msgs__rosidl_typesupport_cpp.dir/all] Error 2
In file included from [01m[K/home/suwi/ros2_4dof_arm/build/object_recognition_msgs/rosidl_generator_cpp/object_recognition_msgs/action/detail/object_recognition__struct.hpp:146[m[K,
                 from [01m[K/home/suwi/ros2_4dof_arm/build/object_recognition_msgs/rosidl_typesupport_fastrtps_cpp/object_recognition_msgs/action/detail/object_recognition__rosidl_typesupport_fastrtps_cpp.hpp:11[m[K,
                 from [01m[K/home/suwi/ros2_4dof_arm/build/object_recognition_msgs/rosidl_typesupport_fastrtps_cpp/object_recognition_msgs/action/detail/dds_fastrtps/object_recognition__type_support.cpp:4[m[K:
[01m[K/home/suwi/ros2_4dof_arm/build/object_recognition_msgs/rosidl_generator_cpp/object_recognition_msgs/msg/detail/recognized_object_array__struct.hpp:20:10:[m[K [01;31m[Kfatal error: [m[Kobject_recognition_msgs/msg/detail/header__struct.hpp: No such file or directory
   20 | #include [01;31m[K"object_recognition_msgs/msg/detail/header__struct.hpp"[m[K
      |          [01;31m[K^~~~~~~~~~~~~~~~~~~~~~~~~~~~~~~~~~~~~~~~~~~~~~~~~~~~~~~[m[K
compilation terminated.
In file included from [01m[K/home/suwi/ros2_4dof_arm/build/object_recognition_msgs/rosidl_generator_cpp/object_recognition_msgs/action/detail/object_recognition__struct.hpp:146[m[K,
                 from [01m[K/home/suwi/ros2_4dof_arm/build/object_recognition_msgs/rosidl_typesupport_introspection_cpp/object_recognition_msgs/action/detail/object_recognition__type_support.cpp:12[m[K:
[01m[K/home/suwi/ros2_4dof_arm/build/object_recognition_msgs/rosidl_generator_cpp/object_recognition_msgs/msg/detail/recognized_object_array__struct.hpp:20:10:[m[K [01;31m[Kfatal error: [m[Kobject_recognition_msgs/msg/detail/header__struct.hpp: No such file or directory
   20 | #include [01;31m[K"object_recognition_msgs/msg/detail/header__struct.hpp"[m[K
      |          [01;31m[K^~~~~~~~~~~~~~~~~~~~~~~~~~~~~~~~~~~~~~~~~~~~~~~~~~~~~~~[m[K
compilation terminated.
gmake[2]: *** [CMakeFiles/object_recognition_msgs__rosidl_typesupport_fastrtps_cpp.dir/build.make:239: CMakeFiles/object_recognition_msgs__rosidl_typesupport_fastrtps_cpp.dir/rosidl_typesupport_fastrtps_cpp/object_recognition_msgs/action/detail/dds_fastrtps/object_recognition__type_support.cpp.o] Error 1
gmake[2]: *** Waiting for unfinished jobs....
gmake[2]: *** [CMakeFiles/object_recognition_msgs__rosidl_typesupport_introspection_cpp.dir/build.make:239: CMakeFiles/object_recognition_msgs__rosidl_typesupport_introspection_cpp.dir/rosidl_typesupport_introspection_cpp/object_recognition_msgs/action/detail/object_recognition__type_support.cpp.o] Error 1
gmake[2]: *** Waiting for unfinished jobs....
[ 28%] [32mBuilding CXX object CMakeFiles/object_recognition_msgs__rosidl_typesupport_introspection_cpp.dir/rosidl_typesupport_introspection_cpp/object_recognition_msgs/msg/detail/recognized_object_array__type_support.cpp.o[0m
[ 29%] [32mBuilding CXX object CMakeFiles/object_recognition_msgs__rosidl_typesupport_fastrtps_cpp.dir/rosidl_typesupport_fastrtps_cpp/object_recognition_msgs/srv/detail/dds_fastrtps/get_object_information__type_support.cpp.o[0m
[ 31%] [32mBuilding CXX object CMakeFiles/object_recognition_msgs__rosidl_typesupport_introspection_cpp.dir/rosidl_typesupport_introspection_cpp/object_recognition_msgs/msg/detail/table__type_support.cpp.o[0m
In file included from [01m[K/home/suwi/ros2_4dof_arm/build/object_recognition_msgs/rosidl_typesupport_introspection_cpp/object_recognition_msgs/msg/detail/recognized_object_array__type_support.cpp:12[m[K:
[01m[K/home/suwi/ros2_4dof_arm/build/object_recognition_msgs/rosidl_generator_cpp/object_recognition_msgs/msg/detail/recognized_object_array__struct.hpp:20:10:[m[K [01;31m[Kfatal error: [m[Kobject_recognition_msgs/msg/detail/header__struct.hpp: No such file or directory
   20 | #include [01;31m[K"object_recognition_msgs/msg/detail/header__struct.hpp"[m[K
      |          [01;31m[K^~~~~~~~~~~~~~~~~~~~~~~~~~~~~~~~~~~~~~~~~~~~~~~~~~~~~~~[m[K
compilation terminated.
gmake[2]: *** [CMakeFiles/object_recognition_msgs__rosidl_typesupport_introspection_cpp.dir/build.make:309: CMakeFiles/object_recognition_msgs__rosidl_typesupport_introspection_cpp.dir/rosidl_typesupport_introspection_cpp/object_recognition_msgs/msg/detail/recognized_object_array__type_support.cpp.o] Error 1
In file included from [01m[K/home/suwi/ros2_4dof_arm/build/object_recognition_msgs/rosidl_typesupport_introspection_cpp/object_recognition_msgs/msg/detail/recognized_object__type_support.cpp:12[m[K:
[01m[K/home/suwi/ros2_4dof_arm/build/object_recognition_msgs/rosidl_generator_cpp/object_recognition_msgs/msg/detail/recognized_object__struct.hpp:20:10:[m[K [01;31m[Kfatal error: [m[Kobject_recognition_msgs/msg/detail/header__struct.hpp: No such file or directory
   20 | #include [01;31m[K"object_recognition_msgs/msg/detail/header__struct.hpp"[m[K
      |          [01;31m[K^~~~~~~~~~~~~~~~~~~~~~~~~~~~~~~~~~~~~~~~~~~~~~~~~~~~~~~[m[K
compilation terminated.
gmake[2]: *** [CMakeFiles/object_recognition_msgs__rosidl_typesupport_introspection_cpp.dir/build.make:295: CMakeFiles/object_recognition_msgs__rosidl_typesupport_introspection_cpp.dir/rosidl_typesupport_introspection_cpp/object_recognition_msgs/msg/detail/recognized_object__type_support.cpp.o] Error 1
In file included from [01m[K/home/suwi/ros2_4dof_arm/build/object_recognition_msgs/rosidl_typesupport_introspection_cpp/object_recognition_msgs/msg/detail/table__type_support.cpp:12[m[K:
[01m[K/home/suwi/ros2_4dof_arm/build/object_recognition_msgs/rosidl_generator_cpp/object_recognition_msgs/msg/detail/table__struct.hpp:20:10:[m[K [01;31m[Kfatal error: [m[Kobject_recognition_msgs/msg/detail/header__struct.hpp: No such file or directory
   20 | #include [01;31m[K"object_recognition_msgs/msg/detail/header__struct.hpp"[m[K
      |          [01;31m[K^~~~~~~~~~~~~~~~~~~~~~~~~~~~~~~~~~~~~~~~~~~~~~~~~~~~~~~[m[K
compilation terminated.
gmake[2]: *** [CMakeFiles/object_recognition_msgs__rosidl_typesupport_introspection_cpp.dir/build.make:323: CMakeFiles/object_recognition_msgs__rosidl_typesupport_introspection_cpp.dir/rosidl_typesupport_introspection_cpp/object_recognition_msgs/msg/detail/table__type_support.cpp.o] Error 1
gmake[1]: *** [CMakeFiles/Makefile2:369: CMakeFiles/object_recognition_msgs__rosidl_typesupport_introspection_cpp.dir/all] Error 2
gmake[1]: *** [CMakeFiles/Makefile2:291: CMakeFiles/object_recognition_msgs__rosidl_typesupport_fastrtps_cpp.dir/all] Error 2
gmake: *** [Makefile:146: all] Error 2
