[0.038s] Invoking command in '/home/suwi/ros2_4dof_arm/build/object_recognition_msgs': CMAKE_PREFIX_PATH=${CMAKE_PREFIX_PATH}:/home/suwi/ros2_ws_prac/install/pub_sub /usr/bin/cmake /home/suwi/ros2_4dof_arm/src/object_recognition_msgs -DCMAKE_INSTALL_PREFIX=/home/suwi/ros2_4dof_arm/install/object_recognition_msgs
[0.268s] -- The C compiler identification is GNU 11.4.0
[0.492s] -- The CXX compiler identification is GNU 11.4.0
[0.519s] -- Detecting C compiler ABI info
[0.824s] -- Detecting C compiler ABI info - done
[0.834s] -- Check for working C compiler: /usr/bin/cc - skipped
[0.834s] -- Detecting C compile features
[0.836s] -- Detecting C compile features - done
[0.844s] -- Detecting CXX compiler ABI info
[1.190s] -- Detecting CXX compiler ABI info - done
[1.199s] -- Check for working CXX compiler: /usr/bin/c++ - skipped
[1.199s] -- Detecting CXX compile features
[1.200s] -- Detecting CXX compile features - done
[1.211s] -- Found ament_cmake: 1.3.11 (/opt/ros/humble/share/ament_cmake/cmake)
[1.635s] -- Found Python3: /usr/bin/python3 (found version "3.10.12") found components: Interpreter 
[1.910s] -- Found builtin_interfaces: 1.2.1 (/opt/ros/humble/share/builtin_interfaces/cmake)
[2.019s] -- Found rosidl_generator_c: 3.1.6 (/opt/ros/humble/share/rosidl_generator_c/cmake)
[2.042s] -- Found rosidl_adapter: 3.1.6 (/opt/ros/humble/share/rosidl_adapter/cmake)
[2.075s] -- Found rosidl_generator_cpp: 3.1.6 (/opt/ros/humble/share/rosidl_generator_cpp/cmake)
[2.119s] -- Using all available rosidl_typesupport_c: rosidl_typesupport_fastrtps_c;rosidl_typesupport_introspection_c
[2.176s] -- Using all available rosidl_typesupport_cpp: rosidl_typesupport_fastrtps_cpp;rosidl_typesupport_introspection_cpp
[2.231s] -- Found rosidl_default_generators: 1.2.0 (/opt/ros/humble/share/rosidl_default_generators/cmake)
[2.266s] -- Found action_msgs: 1.2.1 (/opt/ros/humble/share/action_msgs/cmake)
[2.322s] -- Found geometry_msgs: 4.8.0 (/opt/ros/humble/share/geometry_msgs/cmake)
[2.383s] -- Found sensor_msgs: 4.8.0 (/opt/ros/humble/share/sensor_msgs/cmake)
[2.421s] -- Found shape_msgs: 4.8.0 (/opt/ros/humble/share/shape_msgs/cmake)
[3.401s] -- Found ament_cmake_ros: 0.10.0 (/opt/ros/humble/share/ament_cmake_ros/cmake)
[4.992s] -- Using all available rosidl_typesupport_c: rosidl_typesupport_fastrtps_c;rosidl_typesupport_introspection_c
[5.613s] -- Using all available rosidl_typesupport_cpp: rosidl_typesupport_fastrtps_cpp;rosidl_typesupport_introspection_cpp
[5.690s] -- Found PythonInterp: /usr/bin/python3 (found suitable version "3.10.12", minimum required is "3.6") 
[5.700s] -- Found python_cmake_module: 0.10.0 (/opt/ros/humble/share/python_cmake_module/cmake)
[5.789s] -- Found PythonLibs: /usr/lib/x86_64-linux-gnu/libpython3.10.so (found suitable version "3.10.12", minimum required is "3.5") 
[5.789s] -- Using PYTHON_EXECUTABLE: /usr/bin/python3
[5.789s] -- Using PYTHON_INCLUDE_DIRS: /usr/include/python3.10
[5.790s] -- Using PYTHON_LIBRARIES: /usr/lib/x86_64-linux-gnu/libpython3.10.so
[5.852s] -- Found PythonExtra: .so  
[6.158s] -- Configuring done
[6.395s] -- Generating done
[6.428s] -- Build files have been written to: /home/suwi/ros2_4dof_arm/build/object_recognition_msgs
[6.459s] Invoked command in '/home/suwi/ros2_4dof_arm/build/object_recognition_msgs' returned '0': CMAKE_PREFIX_PATH=${CMAKE_PREFIX_PATH}:/home/suwi/ros2_ws_prac/install/pub_sub /usr/bin/cmake /home/suwi/ros2_4dof_arm/src/object_recognition_msgs -DCMAKE_INSTALL_PREFIX=/home/suwi/ros2_4dof_arm/install/object_recognition_msgs
[6.461s] Invoking command in '/home/suwi/ros2_4dof_arm/build/object_recognition_msgs': CMAKE_PREFIX_PATH=${CMAKE_PREFIX_PATH}:/home/suwi/ros2_ws_prac/install/pub_sub /usr/bin/cmake --build /home/suwi/ros2_4dof_arm/build/object_recognition_msgs -- -j8 -l8
[6.660s] [  1%] [34m[1mGenerating C code for ROS interfaces[0m
[6.709s] [  2%] [34m[1mGenerating C++ code for ROS interfaces[0m
[6.747s] [  2%] Built target ament_cmake_python_copy_object_recognition_msgs
[7.508s] running egg_info
[7.509s] creating object_recognition_msgs.egg-info
[7.510s] writing object_recognition_msgs.egg-info/PKG-INFO
[7.510s] writing dependency_links to object_recognition_msgs.egg-info/dependency_links.txt
[7.510s] writing top-level names to object_recognition_msgs.egg-info/top_level.txt
[7.511s] writing manifest file 'object_recognition_msgs.egg-info/SOURCES.txt'
[7.515s] reading manifest file 'object_recognition_msgs.egg-info/SOURCES.txt'
[7.517s] writing manifest file 'object_recognition_msgs.egg-info/SOURCES.txt'
[7.581s] [  2%] Built target ament_cmake_python_build_object_recognition_msgs_egg
[8.337s] [  3%] [32mBuilding C object CMakeFiles/object_recognition_msgs__rosidl_generator_c.dir/rosidl_generator_c/object_recognition_msgs/msg/detail/object_type__functions.c.o[0m
[8.337s] [  4%] [32mBuilding C object CMakeFiles/object_recognition_msgs__rosidl_generator_c.dir/rosidl_generator_c/object_recognition_msgs/srv/detail/get_object_information__functions.c.o[0m
[8.338s] [  6%] [32mBuilding C object CMakeFiles/object_recognition_msgs__rosidl_generator_c.dir/rosidl_generator_c/object_recognition_msgs/msg/detail/object_information__functions.c.o[0m
[8.338s] [  6%] [32mBuilding C object CMakeFiles/object_recognition_msgs__rosidl_generator_c.dir/rosidl_generator_c/object_recognition_msgs/action/detail/object_recognition__functions.c.o[0m
[8.340s] [  8%] [32mBuilding C object CMakeFiles/object_recognition_msgs__rosidl_generator_c.dir/rosidl_generator_c/object_recognition_msgs/msg/detail/recognized_object__functions.c.o[0m
[8.342s] [  9%] [32mBuilding C object CMakeFiles/object_recognition_msgs__rosidl_generator_c.dir/rosidl_generator_c/object_recognition_msgs/msg/detail/recognized_object_array__functions.c.o[0m
[8.352s] [ 10%] [32mBuilding C object CMakeFiles/object_recognition_msgs__rosidl_generator_c.dir/rosidl_generator_c/object_recognition_msgs/msg/detail/table__functions.c.o[0m
[8.366s] [ 10%] Built target object_recognition_msgs__cpp
[8.440s] [ 11%] [34m[1mGenerating C++ type support dispatch for ROS interfaces[0m
[8.512s] In file included from [01m[K/home/suwi/ros2_4dof_arm/build/object_recognition_msgs/rosidl_generator_c/object_recognition_msgs/action/detail/object_recognition__struct.h:46[m[K,
[8.513s]                  from [01m[K/home/suwi/ros2_4dof_arm/build/object_recognition_msgs/rosidl_generator_c/object_recognition_msgs/action/detail/object_recognition__functions.h:19[m[K,
[8.513s]                  from [01m[K/home/suwi/ros2_4dof_arm/build/object_recognition_msgs/rosidl_generator_c/object_recognition_msgs/action/detail/object_recognition__functions.c:4[m[K:
[8.514s] [01m[K/home/suwi/ros2_4dof_arm/build/object_recognition_msgs/rosidl_generator_c/object_recognition_msgs/msg/detail/recognized_object_array__struct.h:22:10:[m[K [01;31m[Kfatal error: [m[Kobject_recognition_msgs/msg/detail/header__struct.h: No such file or directory
[8.514s]    22 | #include [01;31m[K"object_recognition_msgs/msg/detail/header__struct.h"[m[K
[8.514s]       |          [01;31m[K^~~~~~~~~~~~~~~~~~~~~~~~~~~~~~~~~~~~~~~~~~~~~~~~~~~~~[m[K
[8.516s] In file included from [01m[K/home/suwi/ros2_4dof_arm/build/object_recognition_msgs/rosidl_generator_c/object_recognition_msgs/msg/detail/table__functions.h:19[m[K,
[8.517s]                  from [01m[K/home/suwi/ros2_4dof_arm/build/object_recognition_msgs/rosidl_generator_c/object_recognition_msgs/msg/detail/table__functions.c:4[m[K:
[8.517s] [01m[K/home/suwi/ros2_4dof_arm/build/object_recognition_msgs/rosidl_generator_c/object_recognition_msgs/msg/detail/table__struct.h:22:10:[m[K [01;31m[Kfatal error: [m[Kobject_recognition_msgs/msg/detail/header__struct.h: No such file or directory
[8.517s]    22 | #include [01;31m[K"object_recognition_msgs/msg/detail/header__struct.h"[m[K
[8.518s]       |          [01;31m[K^~~~~~~~~~~~~~~~~~~~~~~~~~~~~~~~~~~~~~~~~~~~~~~~~~~~~[m[K
[8.518s] In file included from [01m[K/home/suwi/ros2_4dof_arm/build/object_recognition_msgs/rosidl_generator_c/object_recognition_msgs/msg/detail/recognized_object__functions.h:19[m[K,
[8.518s]                  from [01m[K/home/suwi/ros2_4dof_arm/build/object_recognition_msgs/rosidl_generator_c/object_recognition_msgs/msg/detail/recognized_object__functions.c:4[m[K:
[8.518s] [01m[K/home/suwi/ros2_4dof_arm/build/object_recognition_msgs/rosidl_generator_c/object_recognition_msgs/msg/detail/recognized_object__struct.h:22:10:[m[K [01;31m[Kfatal error: [m[Kobject_recognition_msgs/msg/detail/header__struct.h: No such file or directory
[8.519s]    22 | #include [01;31m[K"object_recognition_msgs/msg/detail/header__struct.h"[m[K
[8.519s]       |          [01;31m[K^~~~~~~~~~~~~~~~~~~~~~~~~~~~~~~~~~~~~~~~~~~~~~~~~~~~~[m[K
[8.519s] compilation terminated.
[8.519s] In file included from [01m[K/home/suwi/ros2_4dof_arm/build/object_recognition_msgs/rosidl_generator_c/object_recognition_msgs/msg/detail/recognized_object_array__functions.h:19[m[K,
[8.520s]                  from [01m[K/home/suwi/ros2_4dof_arm/build/object_recognition_msgs/rosidl_generator_c/object_recognition_msgs/msg/detail/recognized_object_array__functions.c:4[m[K:
[8.520s] [01m[K/home/suwi/ros2_4dof_arm/build/object_recognition_msgs/rosidl_generator_c/object_recognition_msgs/msg/detail/recognized_object_array__struct.h:22:10:[m[K [01;31m[Kfatal error: [m[Kobject_recognition_msgs/msg/detail/header__struct.h: No such file or directory
[8.520s]    22 | #include [01;31m[K"object_recognition_msgs/msg/detail/header__struct.h"[m[K
[8.521s]       |          [01;31m[K^~~~~~~~~~~~~~~~~~~~~~~~~~~~~~~~~~~~~~~~~~~~~~~~~~~~~[m[K
[8.521s] compilation terminated.
[8.521s] compilation terminated.
[8.522s] compilation terminated.
[8.522s] gmake[2]: *** [CMakeFiles/object_recognition_msgs__rosidl_generator_c.dir/build.make:316: CMakeFiles/object_recognition_msgs__rosidl_generator_c.dir/rosidl_generator_c/object_recognition_msgs/action/detail/object_recognition__functions.c.o] Error 1
[8.522s] gmake[2]: *** Waiting for unfinished jobs....
[8.523s] gmake[2]: *** [CMakeFiles/object_recognition_msgs__rosidl_generator_c.dir/build.make:372: CMakeFiles/object_recognition_msgs__rosidl_generator_c.dir/rosidl_generator_c/object_recognition_msgs/msg/detail/recognized_object__functions.c.o] Error 1
[8.523s] gmake[2]: *** [CMakeFiles/object_recognition_msgs__rosidl_generator_c.dir/build.make:386: CMakeFiles/object_recognition_msgs__rosidl_generator_c.dir/rosidl_generator_c/object_recognition_msgs/msg/detail/recognized_object_array__functions.c.o] Error 1
[8.523s] gmake[2]: *** [CMakeFiles/object_recognition_msgs__rosidl_generator_c.dir/build.make:400: CMakeFiles/object_recognition_msgs__rosidl_generator_c.dir/rosidl_generator_c/object_recognition_msgs/msg/detail/table__functions.c.o] Error 1
[8.573s] [ 12%] [34m[1mGenerating C++ type support for eProsima Fast-RTPS[0m
[8.577s] [ 13%] [34m[1mGenerating C++ introspection for ROS interfaces[0m
[8.662s] gmake[1]: *** [CMakeFiles/Makefile2:213: CMakeFiles/object_recognition_msgs__rosidl_generator_c.dir/all] Error 2
[8.662s] gmake[1]: *** Waiting for unfinished jobs....
[9.518s] [ 14%] [32mBuilding CXX object CMakeFiles/object_recognition_msgs__rosidl_typesupport_cpp.dir/rosidl_typesupport_cpp/object_recognition_msgs/srv/get_object_information__type_support.cpp.o[0m
[9.520s] [ 16%] [32mBuilding CXX object CMakeFiles/object_recognition_msgs__rosidl_typesupport_cpp.dir/rosidl_typesupport_cpp/object_recognition_msgs/action/object_recognition__type_support.cpp.o[0m
[9.522s] [ 17%] [32mBuilding CXX object CMakeFiles/object_recognition_msgs__rosidl_typesupport_cpp.dir/rosidl_typesupport_cpp/object_recognition_msgs/msg/object_information__type_support.cpp.o[0m
[9.526s] [ 18%] [32mBuilding CXX object CMakeFiles/object_recognition_msgs__rosidl_typesupport_cpp.dir/rosidl_typesupport_cpp/object_recognition_msgs/msg/object_type__type_support.cpp.o[0m
[9.532s] [ 19%] [32mBuilding CXX object CMakeFiles/object_recognition_msgs__rosidl_typesupport_cpp.dir/rosidl_typesupport_cpp/object_recognition_msgs/msg/recognized_object__type_support.cpp.o[0m
[9.541s] [ 20%] [32mBuilding CXX object CMakeFiles/object_recognition_msgs__rosidl_typesupport_cpp.dir/rosidl_typesupport_cpp/object_recognition_msgs/msg/recognized_object_array__type_support.cpp.o[0m
[10.162s] In file included from [01m[K/home/suwi/ros2_4dof_arm/build/object_recognition_msgs/rosidl_typesupport_cpp/object_recognition_msgs/msg/recognized_object__type_support.cpp:7[m[K:
[10.165s] [01m[K/home/suwi/ros2_4dof_arm/build/object_recognition_msgs/rosidl_generator_cpp/object_recognition_msgs/msg/detail/recognized_object__struct.hpp:20:10:[m[K [01;31m[Kfatal error: [m[Kobject_recognition_msgs/msg/detail/header__struct.hpp: No such file or directory
[10.165s]    20 | #include [01;31m[K"object_recognition_msgs/msg/detail/header__struct.hpp"[m[K
[10.166s]       |          [01;31m[K^~~~~~~~~~~~~~~~~~~~~~~~~~~~~~~~~~~~~~~~~~~~~~~~~~~~~~~[m[K
[10.166s] compilation terminated.
[10.166s] In file included from [01m[K/home/suwi/ros2_4dof_arm/build/object_recognition_msgs/rosidl_typesupport_cpp/object_recognition_msgs/msg/recognized_object_array__type_support.cpp:7[m[K:
[10.166s] [01m[K/home/suwi/ros2_4dof_arm/build/object_recognition_msgs/rosidl_generator_cpp/object_recognition_msgs/msg/detail/recognized_object_array__struct.hpp:20:10:[m[K [01;31m[Kfatal error: [m[Kobject_recognition_msgs/msg/detail/header__struct.hpp: No such file or directory
[10.167s]    20 | #include [01;31m[K"object_recognition_msgs/msg/detail/header__struct.hpp"[m[K
[10.167s]       |          [01;31m[K^~~~~~~~~~~~~~~~~~~~~~~~~~~~~~~~~~~~~~~~~~~~~~~~~~~~~~~[m[K
[10.170s] In file included from [01m[K/home/suwi/ros2_4dof_arm/build/object_recognition_msgs/rosidl_generator_cpp/object_recognition_msgs/action/detail/object_recognition__struct.hpp:146[m[K,
[10.171s]                  from [01m[K/home/suwi/ros2_4dof_arm/build/object_recognition_msgs/rosidl_typesupport_cpp/object_recognition_msgs/action/object_recognition__type_support.cpp:7[m[K:
[10.171s] [01m[K/home/suwi/ros2_4dof_arm/build/object_recognition_msgs/rosidl_generator_cpp/object_recognition_msgs/msg/detail/recognized_object_array__struct.hpp:20:10:[m[K [01;31m[Kfatal error: [m[Kobject_recognition_msgs/msg/detail/header__struct.hpp: No such file or directory
[10.171s]    20 | #include [01;31m[K"object_recognition_msgs/msg/detail/header__struct.hpp"[m[K
[10.172s]       |          [01;31m[K^~~~~~~~~~~~~~~~~~~~~~~~~~~~~~~~~~~~~~~~~~~~~~~~~~~~~~~[m[K
[10.172s] compilation terminated.
[10.172s] compilation terminated.
[10.172s] gmake[2]: *** [CMakeFiles/object_recognition_msgs__rosidl_typesupport_cpp.dir/build.make:269: CMakeFiles/object_recognition_msgs__rosidl_typesupport_cpp.dir/rosidl_typesupport_cpp/object_recognition_msgs/msg/recognized_object__type_support.cpp.o] Error 1
[10.173s] gmake[2]: *** Waiting for unfinished jobs....
[10.181s] gmake[2]: *** [CMakeFiles/object_recognition_msgs__rosidl_typesupport_cpp.dir/build.make:283: CMakeFiles/object_recognition_msgs__rosidl_typesupport_cpp.dir/rosidl_typesupport_cpp/object_recognition_msgs/msg/recognized_object_array__type_support.cpp.o] Error 1
[10.182s] gmake[2]: *** [CMakeFiles/object_recognition_msgs__rosidl_typesupport_cpp.dir/build.make:213: CMakeFiles/object_recognition_msgs__rosidl_typesupport_cpp.dir/rosidl_typesupport_cpp/object_recognition_msgs/action/object_recognition__type_support.cpp.o] Error 1
[10.325s] [ 21%] [32mBuilding CXX object CMakeFiles/object_recognition_msgs__rosidl_typesupport_introspection_cpp.dir/rosidl_typesupport_introspection_cpp/object_recognition_msgs/srv/detail/get_object_information__type_support.cpp.o[0m
[10.334s] [ 24%] [32mBuilding CXX object CMakeFiles/object_recognition_msgs__rosidl_typesupport_introspection_cpp.dir/rosidl_typesupport_introspection_cpp/object_recognition_msgs/msg/detail/object_information__type_support.cpp.o[0m
[10.337s] [ 24%] [32mBuilding CXX object CMakeFiles/object_recognition_msgs__rosidl_typesupport_introspection_cpp.dir/rosidl_typesupport_introspection_cpp/object_recognition_msgs/msg/detail/object_type__type_support.cpp.o[0m
[10.337s] [ 25%] [32mBuilding CXX object CMakeFiles/object_recognition_msgs__rosidl_typesupport_introspection_cpp.dir/rosidl_typesupport_introspection_cpp/object_recognition_msgs/action/detail/object_recognition__type_support.cpp.o[0m
[10.368s] [ 26%] [32mBuilding CXX object CMakeFiles/object_recognition_msgs__rosidl_typesupport_fastrtps_cpp.dir/rosidl_typesupport_fastrtps_cpp/object_recognition_msgs/action/detail/dds_fastrtps/object_recognition__type_support.cpp.o[0m
[10.968s] [ 27%] [32mBuilding CXX object CMakeFiles/object_recognition_msgs__rosidl_typesupport_introspection_cpp.dir/rosidl_typesupport_introspection_cpp/object_recognition_msgs/msg/detail/recognized_object__type_support.cpp.o[0m
[10.977s] gmake[1]: *** [CMakeFiles/Makefile2:395: CMakeFiles/object_recognition_msgs__rosidl_typesupport_cpp.dir/all] Error 2
[11.007s] In file included from [01m[K/home/suwi/ros2_4dof_arm/build/object_recognition_msgs/rosidl_generator_cpp/object_recognition_msgs/action/detail/object_recognition__struct.hpp:146[m[K,
[11.012s]                  from [01m[K/home/suwi/ros2_4dof_arm/build/object_recognition_msgs/rosidl_typesupport_fastrtps_cpp/object_recognition_msgs/action/detail/object_recognition__rosidl_typesupport_fastrtps_cpp.hpp:11[m[K,
[11.012s]                  from [01m[K/home/suwi/ros2_4dof_arm/build/object_recognition_msgs/rosidl_typesupport_fastrtps_cpp/object_recognition_msgs/action/detail/dds_fastrtps/object_recognition__type_support.cpp:4[m[K:
[11.013s] [01m[K/home/suwi/ros2_4dof_arm/build/object_recognition_msgs/rosidl_generator_cpp/object_recognition_msgs/msg/detail/recognized_object_array__struct.hpp:20:10:[m[K [01;31m[Kfatal error: [m[Kobject_recognition_msgs/msg/detail/header__struct.hpp: No such file or directory
[11.013s]    20 | #include [01;31m[K"object_recognition_msgs/msg/detail/header__struct.hpp"[m[K
[11.017s]       |          [01;31m[K^~~~~~~~~~~~~~~~~~~~~~~~~~~~~~~~~~~~~~~~~~~~~~~~~~~~~~~[m[K
[11.017s] compilation terminated.
[11.017s] In file included from [01m[K/home/suwi/ros2_4dof_arm/build/object_recognition_msgs/rosidl_generator_cpp/object_recognition_msgs/action/detail/object_recognition__struct.hpp:146[m[K,
[11.018s]                  from [01m[K/home/suwi/ros2_4dof_arm/build/object_recognition_msgs/rosidl_typesupport_introspection_cpp/object_recognition_msgs/action/detail/object_recognition__type_support.cpp:12[m[K:
[11.018s] [01m[K/home/suwi/ros2_4dof_arm/build/object_recognition_msgs/rosidl_generator_cpp/object_recognition_msgs/msg/detail/recognized_object_array__struct.hpp:20:10:[m[K [01;31m[Kfatal error: [m[Kobject_recognition_msgs/msg/detail/header__struct.hpp: No such file or directory
[11.019s]    20 | #include [01;31m[K"object_recognition_msgs/msg/detail/header__struct.hpp"[m[K
[11.019s]       |          [01;31m[K^~~~~~~~~~~~~~~~~~~~~~~~~~~~~~~~~~~~~~~~~~~~~~~~~~~~~~~[m[K
[11.019s] compilation terminated.
[11.019s] gmake[2]: *** [CMakeFiles/object_recognition_msgs__rosidl_typesupport_fastrtps_cpp.dir/build.make:239: CMakeFiles/object_recognition_msgs__rosidl_typesupport_fastrtps_cpp.dir/rosidl_typesupport_fastrtps_cpp/object_recognition_msgs/action/detail/dds_fastrtps/object_recognition__type_support.cpp.o] Error 1
[11.020s] gmake[2]: *** Waiting for unfinished jobs....
[11.020s] gmake[2]: *** [CMakeFiles/object_recognition_msgs__rosidl_typesupport_introspection_cpp.dir/build.make:239: CMakeFiles/object_recognition_msgs__rosidl_typesupport_introspection_cpp.dir/rosidl_typesupport_introspection_cpp/object_recognition_msgs/action/detail/object_recognition__type_support.cpp.o] Error 1
[11.020s] gmake[2]: *** Waiting for unfinished jobs....
[11.026s] [ 28%] [32mBuilding CXX object CMakeFiles/object_recognition_msgs__rosidl_typesupport_introspection_cpp.dir/rosidl_typesupport_introspection_cpp/object_recognition_msgs/msg/detail/recognized_object_array__type_support.cpp.o[0m
[11.030s] [ 29%] [32mBuilding CXX object CMakeFiles/object_recognition_msgs__rosidl_typesupport_fastrtps_cpp.dir/rosidl_typesupport_fastrtps_cpp/object_recognition_msgs/srv/detail/dds_fastrtps/get_object_information__type_support.cpp.o[0m
[11.066s] [ 31%] [32mBuilding CXX object CMakeFiles/object_recognition_msgs__rosidl_typesupport_introspection_cpp.dir/rosidl_typesupport_introspection_cpp/object_recognition_msgs/msg/detail/table__type_support.cpp.o[0m
[11.550s] In file included from [01m[K/home/suwi/ros2_4dof_arm/build/object_recognition_msgs/rosidl_typesupport_introspection_cpp/object_recognition_msgs/msg/detail/recognized_object_array__type_support.cpp:12[m[K:
[11.550s] [01m[K/home/suwi/ros2_4dof_arm/build/object_recognition_msgs/rosidl_generator_cpp/object_recognition_msgs/msg/detail/recognized_object_array__struct.hpp:20:10:[m[K [01;31m[Kfatal error: [m[Kobject_recognition_msgs/msg/detail/header__struct.hpp: No such file or directory
[11.551s]    20 | #include [01;31m[K"object_recognition_msgs/msg/detail/header__struct.hpp"[m[K
[11.551s]       |          [01;31m[K^~~~~~~~~~~~~~~~~~~~~~~~~~~~~~~~~~~~~~~~~~~~~~~~~~~~~~~[m[K
[11.551s] compilation terminated.
[11.553s] gmake[2]: *** [CMakeFiles/object_recognition_msgs__rosidl_typesupport_introspection_cpp.dir/build.make:309: CMakeFiles/object_recognition_msgs__rosidl_typesupport_introspection_cpp.dir/rosidl_typesupport_introspection_cpp/object_recognition_msgs/msg/detail/recognized_object_array__type_support.cpp.o] Error 1
[11.563s] In file included from [01m[K/home/suwi/ros2_4dof_arm/build/object_recognition_msgs/rosidl_typesupport_introspection_cpp/object_recognition_msgs/msg/detail/recognized_object__type_support.cpp:12[m[K:
[11.563s] [01m[K/home/suwi/ros2_4dof_arm/build/object_recognition_msgs/rosidl_generator_cpp/object_recognition_msgs/msg/detail/recognized_object__struct.hpp:20:10:[m[K [01;31m[Kfatal error: [m[Kobject_recognition_msgs/msg/detail/header__struct.hpp: No such file or directory
[11.563s]    20 | #include [01;31m[K"object_recognition_msgs/msg/detail/header__struct.hpp"[m[K
[11.564s]       |          [01;31m[K^~~~~~~~~~~~~~~~~~~~~~~~~~~~~~~~~~~~~~~~~~~~~~~~~~~~~~~[m[K
[11.564s] compilation terminated.
[11.566s] gmake[2]: *** [CMakeFiles/object_recognition_msgs__rosidl_typesupport_introspection_cpp.dir/build.make:295: CMakeFiles/object_recognition_msgs__rosidl_typesupport_introspection_cpp.dir/rosidl_typesupport_introspection_cpp/object_recognition_msgs/msg/detail/recognized_object__type_support.cpp.o] Error 1
[11.574s] In file included from [01m[K/home/suwi/ros2_4dof_arm/build/object_recognition_msgs/rosidl_typesupport_introspection_cpp/object_recognition_msgs/msg/detail/table__type_support.cpp:12[m[K:
[11.574s] [01m[K/home/suwi/ros2_4dof_arm/build/object_recognition_msgs/rosidl_generator_cpp/object_recognition_msgs/msg/detail/table__struct.hpp:20:10:[m[K [01;31m[Kfatal error: [m[Kobject_recognition_msgs/msg/detail/header__struct.hpp: No such file or directory
[11.575s]    20 | #include [01;31m[K"object_recognition_msgs/msg/detail/header__struct.hpp"[m[K
[11.575s]       |          [01;31m[K^~~~~~~~~~~~~~~~~~~~~~~~~~~~~~~~~~~~~~~~~~~~~~~~~~~~~~~[m[K
[11.575s] compilation terminated.
[11.577s] gmake[2]: *** [CMakeFiles/object_recognition_msgs__rosidl_typesupport_introspection_cpp.dir/build.make:323: CMakeFiles/object_recognition_msgs__rosidl_typesupport_introspection_cpp.dir/rosidl_typesupport_introspection_cpp/object_recognition_msgs/msg/detail/table__type_support.cpp.o] Error 1
[12.105s] gmake[1]: *** [CMakeFiles/Makefile2:369: CMakeFiles/object_recognition_msgs__rosidl_typesupport_introspection_cpp.dir/all] Error 2
[12.422s] gmake[1]: *** [CMakeFiles/Makefile2:291: CMakeFiles/object_recognition_msgs__rosidl_typesupport_fastrtps_cpp.dir/all] Error 2
[12.423s] gmake: *** [Makefile:146: all] Error 2
[12.431s] Invoked command in '/home/suwi/ros2_4dof_arm/build/object_recognition_msgs' returned '2': CMAKE_PREFIX_PATH=${CMAKE_PREFIX_PATH}:/home/suwi/ros2_ws_prac/install/pub_sub /usr/bin/cmake --build /home/suwi/ros2_4dof_arm/build/object_recognition_msgs -- -j8 -l8
